mysqld, Version: 5.7.36-log (MySQL Community Server (GPL)). started with:
Tcp port: 3306  Unix socket: /var/run/mysqld/mysqld.sock
Time                 Id Command    Argument
mysqld, Version: 5.7.36-log (MySQL Community Server (GPL)). started with:
Tcp port: 0  Unix socket: /var/run/mysqld/mysqld.sock
Time                 Id Command    Argument
# Time: 2024-03-07T01:40:32.163275Z
# User@Host: root[root] @ localhost []  Id:     3
# Query_time: 7.404570  Lock_time: 0.000125 Rows_sent: 0  Rows_examined: 0
use mysql;
SET timestamp=1709775632;
INSERT INTO time_zone_transition (Time_zone_id, Transition_time, Transition_type_id) VALUES
 (@time_zone_id, -2147483648, 0)
,(@time_zone_id, -1441167712, 1)
,(@time_zone_id, -1247544000, 2)
,(@time_zone_id, 354913209, 3)
,(@time_zone_id, 370720810, 4)
,(@time_zone_id, 386445610, 3)
,(@time_zone_id, 402256811, 2)
,(@time_zone_id, 417985211, 3)
,(@time_zone_id, 433792812, 2)
,(@time_zone_id, 449607612, 3)
,(@time_zone_id, 465339612, 5)
,(@time_zone_id, 481064412, 6)
,(@time_zone_id, 496789213, 5)
,(@time_zone_id, 512514013, 6)
,(@time_zone_id, 528238813, 5)
,(@time_zone_id, 543963613, 6)
,(@time_zone_id, 559688413, 5)
,(@time_zone_id, 575413214, 6)
,(@time_zone_id, 591138014, 5)
,(@time_zone_id, 606862814, 6)
,(@time_zone_id, 622587614, 5)
,(@time_zone_id, 638312415, 6)
,(@time_zone_id, 654642015, 5)
,(@time_zone_id, 670366816, 7)
,(@time_zone_id, 686095216, 5)
,(@time_zone_id, 695768416, 8)
,(@time_zone_id, 701812816, 6)
,(@time_zone_id, 717541217, 5)
,(@time_zone_id, 733266017, 6)
,(@time_zone_id, 748990818, 5)
,(@time_zone_id, 764715618, 6)
,(@time_zone_id, 780440419, 5)
,(@time_zone_id, 796165219, 6)
,(@time_zone_id, 811890019, 5)
,(@time_zone_id, 828219620, 6)
,(@time_zone_id, 846363620, 5)
,(@time_zone_id, 859669220, 6)
,(@time_zone_id, 877813221, 5)
,(@time_zone_id, 891118821, 6)
,(@time_zone_id, 909262821, 5)
,(@time_zone_id, 922568422, 6)
,(@time_zone_id, 941317222, 5)
,(@time_zone_id, 954018022, 6)
,(@time_zone_id, 972766822, 5)
,(@time_zone_id, 985467622, 6)
,(@time_zone_id, 1004216422, 5)
,(@time_zone_id, 1017522022, 6)
,(@time_zone_id, 1035666022, 5)
,(@time_zone_id, 1048971622, 6)
,(@time_zone_id, 1067115622, 5)
,(@time_zone_id, 1080421222, 6)
,(@time_zone_id, 1099170022, 8)
,(@time_zone_id, 1545328827, 2);
mysqld, Version: 5.7.36-log (MySQL Community Server (GPL)). started with:
Tcp port: 3306  Unix socket: /var/run/mysqld/mysqld.sock
Time                 Id Command    Argument
mysqld, Version: 5.7.36-log (MySQL Community Server (GPL)). started with:
Tcp port: 3306  Unix socket: /var/run/mysqld/mysqld.sock
Time                 Id Command    Argument
mysqld, Version: 5.7.36-log (MySQL Community Server (GPL)). started with:
Tcp port: 3306  Unix socket: /var/run/mysqld/mysqld.sock
Time                 Id Command    Argument
mysqld, Version: 5.7.36-log (MySQL Community Server (GPL)). started with:
Tcp port: 3306  Unix socket: /var/run/mysqld/mysqld.sock
Time                 Id Command    Argument
mysqld, Version: 5.7.36-log (MySQL Community Server (GPL)). started with:
Tcp port: 3306  Unix socket: /var/run/mysqld/mysqld.sock
Time                 Id Command    Argument
mysqld, Version: 5.7.36-log (MySQL Community Server (GPL)). started with:
Tcp port: 3306  Unix socket: /var/run/mysqld/mysqld.sock
Time                 Id Command    Argument
mysqld, Version: 5.7.36-log (MySQL Community Server (GPL)). started with:
Tcp port: 3306  Unix socket: /var/run/mysqld/mysqld.sock
Time                 Id Command    Argument
mysqld, Version: 5.7.36-log (MySQL Community Server (GPL)). started with:
Tcp port: 3306  Unix socket: /var/run/mysqld/mysqld.sock
Time                 Id Command    Argument
mysqld, Version: 5.7.36-log (MySQL Community Server (GPL)). started with:
Tcp port: 3306  Unix socket: /var/run/mysqld/mysqld.sock
Time                 Id Command    Argument
mysqld, Version: 5.7.36-log (MySQL Community Server (GPL)). started with:
Tcp port: 3306  Unix socket: /var/run/mysqld/mysqld.sock
Time                 Id Command    Argument
